TN:
SF:db.js
FN:3,(anonymous_0)
FNF:1
FNH:1
FNDA:1,(anonymous_0)
DA:1,2
DA:3,2
DA:4,1
DA:5,1
DA:6,1
DA:8,0
DA:9,0
DA:13,2
LF:8
LH:6
BRF:0
BRH:0
end_of_record
TN:
SF:server.js
FN:12,(anonymous_0)
FNF:1
FNH:0
FNDA:0,(anonymous_0)
DA:1,2
DA:2,2
DA:3,2
DA:5,2
DA:6,2
DA:7,2
DA:9,2
DA:11,0
DA:12,0
DA:13,0
DA:17,2
LF:11
LH:8
BRDA:9,0,0,0
BRDA:9,0,1,2
BRDA:11,1,0,0
BRDA:11,1,1,0
BRF:4
BRH:1
end_of_record
TN:
SF:models\Item.js
FNF:0
FNH:0
DA:1,3
DA:3,3
DA:14,3
LF:3
LH:3
BRF:0
BRH:0
end_of_record
TN:
SF:routes\items.js
FN:6,(anonymous_0)
FN:16,(anonymous_1)
FN:30,(anonymous_2)
FN:44,(anonymous_3)
FNF:4
FNH:4
FNDA:2,(anonymous_0)
FNDA:1,(anonymous_1)
FNDA:1,(anonymous_2)
FNDA:1,(anonymous_3)
DA:1,2
DA:2,2
DA:3,2
DA:6,2
DA:7,2
DA:8,2
DA:9,2
DA:11,0
DA:16,2
DA:17,1
DA:21,1
DA:22,1
DA:23,1
DA:25,0
DA:30,2
DA:31,1
DA:32,1
DA:37,1
DA:39,0
DA:44,2
DA:45,1
DA:46,1
DA:47,1
DA:49,0
DA:53,2
LF:25
LH:21
BRF:0
BRH:0
end_of_record
